Build started 2019-11-30 12:48:44 PM.
     1>Project "C:\Users\jsand\Documents\LinAlgLib\LinAlgLib\LinAlgLib.vcxproj" on node 2 (Build target(s)).
     1>InitializeBuildStatus:
         Touching "x64\Debug\LinAlgLib.tlog\unsuccessfulbuild".
       AddCudaCompileDeps:
       Skipping target "AddCudaCompileDeps" because all output files are up-to-date with respect to the input files.
       AddCudaCompileDeps:
       Skipping target "AddCudaCompileDeps" because all output files are up-to-date with respect to the input files.
       AddCudaCompilePropsDeps:
       Skipping target "AddCudaCompilePropsDeps" because all output files are up-to-date with respect to the input files.
       AddCudaCompilePropsDeps:
       Skipping target "AddCudaCompilePropsDeps" because all output files are up-to-date with respect to the input files.
       WriteCudaCompileTlogs:
       Skipping target "WriteCudaCompileTlogs" because all output files are up-to-date with respect to the input files.
     1>Project "C:\Users\jsand\Documents\LinAlgLib\LinAlgLib\LinAlgLib.vcxproj" (1) is building "C:\Users\jsand\Documents\LinAlgLib\LinAlgLib\LinAlgLib.vcxproj" (1:2) on node 2 (CudaBuildCore target(s)).
     1>CudaBuildCore:
       Skipping target "CudaBuildCore" because all output files are up-to-date with respect to the input files.
     1>Done Building Project "C:\Users\jsand\Documents\LinAlgLib\LinAlgLib\LinAlgLib.vcxproj" (CudaBuildCore target(s)).
     1>Project "C:\Users\jsand\Documents\LinAlgLib\LinAlgLib\LinAlgLib.vcxproj" (1) is building "C:\Users\jsand\Documents\LinAlgLib\LinAlgLib\LinAlgLib.vcxproj" (1:3) on node 1 (CudaBuildCore target(s)).
     1>CudaBuildCore:
       Skipping target "CudaBuildCore" because all output files are up-to-date with respect to the input files.
     1>Done Building Project "C:\Users\jsand\Documents\LinAlgLib\LinAlgLib\LinAlgLib.vcxproj" (CudaBuildCore target(s)).
     1>ClCompile:
         All outputs are up-to-date.
       Link:
         All outputs are up-to-date.
         LinAlgLib.vcxproj -> C:\Users\jsand\Documents\LinAlgLib\x64\Debug\LinAlgLib.exe
       FinalizeBuildStatus:
         Deleting file "x64\Debug\LinAlgLib.tlog\unsuccessfulbuild".
         Touching "x64\Debug\LinAlgLib.tlog\LinAlgLib.lastbuildstate".
     1>Done Building Project "C:\Users\jsand\Documents\LinAlgLib\LinAlgLib\LinAlgLib.vcxproj" (Build target(s)).

Build succeeded.
    0 Warning(s)
    0 Error(s)

Time Elapsed 00:00:00.13
