c:\users\jsand\documents\linalglib\linalglib\x64\debug\vc142.pdb
c:\users\jsand\documents\linalglib\linalglib\x64\debug\vc142.idb
c:\users\jsand\documents\linalglib\linalglib\x64\debug\slaf.obj
c:\users\jsand\documents\linalglib\linalglib\x64\debug\rich.obj
c:\users\jsand\documents\linalglib\linalglib\x64\debug\pcg.obj
c:\users\jsand\documents\linalglib\linalglib\x64\debug\jgs.obj
c:\users\jsand\documents\linalglib\linalglib\x64\debug\gmres.obj
c:\users\jsand\documents\linalglib\linalglib\x64\debug\amg.obj
c:\users\jsand\documents\linalglib\linalglib\x64\debug\main.obj
c:\users\jsand\documents\linalglib\linalglib\x64\debug\poweriteration.obj
c:\users\jsand\documents\linalglib\linalglib\x64\debug\debug.obj
x64\debug\cuda_debug.cu.obj
x64\debug\poweriterationcuda.cu.obj
c:\users\jsand\documents\linalglib\x64\debug\linalglib.lib
c:\users\jsand\documents\linalglib\x64\debug\linalglib.exp
c:\users\jsand\documents\linalglib\x64\debug\linalglib.ilk
c:\users\jsand\documents\linalglib\x64\debug\linalglib.exe
c:\users\jsand\documents\linalglib\x64\debug\linalglib.pdb
c:\users\jsand\documents\linalglib\linalglib\x64\debug\cuda_debug.cu.cache
c:\users\jsand\documents\linalglib\linalglib\x64\debug\poweriterationcuda.cu.cache
c:\users\jsand\documents\linalglib\linalglib\x64\debug\cuda_debug.cu.obj
c:\users\jsand\documents\linalglib\linalglib\x64\debug\poweriterationcuda.cu.obj
c:\users\jsand\documents\linalglib\linalglib\x64\debug\linalglib.tlog\cl.command.1.tlog
c:\users\jsand\documents\linalglib\linalglib\x64\debug\linalglib.tlog\cl.read.1.tlog
c:\users\jsand\documents\linalglib\linalglib\x64\debug\linalglib.tlog\cl.write.1.tlog
c:\users\jsand\documents\linalglib\linalglib\x64\debug\linalglib.tlog\cudacompile.read.1u.tlog
c:\users\jsand\documents\linalglib\linalglib\x64\debug\linalglib.tlog\cudacompile.write.1u.tlog
c:\users\jsand\documents\linalglib\linalglib\x64\debug\linalglib.tlog\linalglib.write.1u.tlog
c:\users\jsand\documents\linalglib\linalglib\x64\debug\linalglib.tlog\link.command.1.tlog
c:\users\jsand\documents\linalglib\linalglib\x64\debug\linalglib.tlog\link.read.1.tlog
c:\users\jsand\documents\linalglib\linalglib\x64\debug\linalglib.tlog\link.write.1.tlog
